ähnlich
als Alternative
Als Beweis dafür
als Beweis für
anders ausgedrückt
auch
auf die gleiche Weise
aus dem gleichen Grunde
außerdem
Besonders schwer liegt
betreffend
betreffs
Beweis dafür ist
bezüglich
Dabei
; dabei
und dabei
dafür
daneben
darüber hinaus
das heißt
Das zeigt sich
dazu, dass
dazu hinzuzufügen ist 
desgleichen
des Weiteren
ebenfalls
ein weiterer Aspekt
etwas präziser
ferner
für eine Sache
genauer
Genau so
gleichermaßen
Gleichfalls
Hervorzuheben ist
hinsichtlich
hinzu kommt
im Speziellen
im Weiteren
in Bezug auf
in dieser Hinsicht
in Ergänzung
in gleicher Weise
in jener Hinsicht
Man muss darauf hingewiesen werden , dass
Man muss zugeben, dass
Mehr zum Punkt
mit anderen Worten
nämlich
nebenbei
nebenbei bemerkt
nebenher
nicht nur
Nicht vergessen werden darf
obendrein
oder aber
separat
so auch für
somit
sowie
sowohl
überdies
übrigens
um es anders zu sagen
und außerdem
viertens
was ist mehr
weiterhin
weiters
wichtiger
zudem
zum Beispiel
zusätzlich