actually
all the same
alternatively
anyhow
but anyway
by contrast
apart from this
as against that
as a matter of fact
aside from this
as opposed to
conversely
however
in comparison
in contrast
in fact
in another event
in other events
in point of fact
in spite of
instead
it may be the case that
nevertheless
nonetheless
notwithstanding
on the contrary
on the one hand
on the other hand
otherwise
rather ,
rather than
regardless
even so
still
such not being the case
that not being the case
that said
the alternative is
to tell the truth
unlike
yet