additionally
add to this
also
alternatively
and another thing
as evidence of
as for
besides
by the same token
by the way
for another thing
for example
for instance
for one thing
furthermore
I mean
in addition
incidentally
in just this way
in other words
in particular
in this regard
in this respect
in that regard
in the same way
in this regard
in this way
likewise
more accurately
more importantly
moreover
more precisely
more to the point
namely
not only
on top of that
on top of this
or else
put it another way
separately
similarly
specifically
such as
that is ,
that is to say
, too
to put it another way
what is more
with regard to
i.e.