accordingly
after all
arising from this
arising out of this
as a consequence
as a result
because
can be concluded
consequently
correspondingly
due to
following from this
for all that
for all this
for that reason
for this purpose
for this reason
from this it appears that
hence
in consequence
in such a case
in such an event
in that case
it follows from this
it follows that
on account of this
on this basis
so ,
so that
that being the case
the consequence of that is
the reason was that
therefore
to that end
to this end
under the circumstances
under these circumstances
under those circumstances
we may conclude that
with this in mind
with this intention
with this in view
