all things considered
apparently
arguably
as a general rule
as expected
as far as we know
as for me
assuming that
as to me
best of my knowledge
beyond doubt
can be argued
certainly
clearly
decidedly
definitely
evidently
for sure
from my point of view
goes without saying
indeed
in essence
in my eyes
in my opinion
in my view
in reality
maybe
naturally
no doubt
obviously
of course
on balance
perhaps
possibly
predictably
presumably
probably
provisionally
really
seemingly
sure ,
sure enough
surely
tentatively
to my mind
undoubtedly
no doubt
no doubts ,
looks like
it appears that
it seems
appear to
appears to
in our view
in my view
from our perspective
at any rate
in many cases
in any case
in any event
in either case
at least
either way
whichever
