а именно
более того
важно отметить
вдобавок
вернее ,
в особенности
в связи с
в соответствии с этим
в частности
главное ,
грубо говоря
другими словами
заметим ,
и в то же время
иначе говоря
иными словами
как отмечалось
как указывалось
ко всему прочему
к примеру
кроме того ,
кроме этого ,
к тому же
лучше сказать
надо сказать
например
на самом деле
необходимо отметить
необходимо учесть
перейдём к рассмотрению
повторяю
подчеркиваю
помимо того
помимо этого
притом
причем
при этом
проще говоря
рассмотрим
речь идёт о
речь шла о
следует отметить
следует подчеркнуть
согласно этому
также
так сказать
то есть
точнее ,
точнее говоря
к слову
кстати
между прочим
