а не то
а то
благодаря тому , что
благодаря этому ,
ввиду того
ввиду этого
ведь
в зависимости от этого
в итоге
в конечном
вот почему
в результате того , что
в результате чего
в результате этого ,
в связи с тем ,
в связи с этим ,
в силу того , что
вследствие того , 
вследствие чего
вследствие этого ,
в таком случае
в этом случае
дабы
для того , чтобы
допустим ,
до того , что
затем , что
затем , чтобы
значит ,
ибо
из-за того , что
исходя из
оттого
получается ,
поскольку
потому
поэтому
ради того , чтобы
сделать вывод
следовательно ,
следует вывод
соответственно
стало быть
с тем , чтобы
с учетом того ,
с учетом этого ,
так ,
так что
тем более что
