в дальнейшем
в довершение
в заключение
в конце концов
в общем
в целом
во-вторых
во-первых
впоследствии
в то время , как
в то же время
в-третьих
говорилось выше
далее
далее следует
доколь
до того как
до того , как
едва лишь
едва только
задолго до
затем
и так
как только
короче говоря
лишь только
наконец
напомним
одновременно
перед тем , как
пока
покамест
пока не
покуда
по мере того , как
после того , как
после того, как
прежде вcero
прежде всего
прежде чем
словом
с тех пор
так вот
только лишь
только что
таким образом
чуть лишь
чуть только
