absolut
allein
ansatzweise
ausgerechnet
ausschließlich
außerordentlich
äußerst
äusserst
durchaus
eben
ebenfalls
einigermaßen
einigermassen
einigermaßen
einzig
erst
etwa
fast
furchtbar
ganz
genau
gerade
gerecht
gleichfalls
größtenteils
grösstenteils
gründlich
haufenweise
höchst
insbesondere
intensiv
ja
kaum
lediglich
leicht
leidlich
mal
mäßig
mässig
nahezu
noch
nun
nunmal
nur
recht
ruhig
schon
schrecklich
sehr
selbst
sogar
total
überaus
ungewöhnlich
vielleicht
völlig
vollständig
weniger
wirklich
wohl
ziemlich
