abortion
administration
Advancement
advertisement
ambition
Amendment
ammunition
auction
basement
business
busyness
caption
Cognition
colonialism
condition
conversation
definition
direction
documentary
edition
education
elections
element
emotion
environment
equation
equations
evolution
exclamation
experiment
faction
fiction
fraction
function
generation
government
imagination
imperialism
implications
information
institution
legislation
Liberation
location
mechanism
mentality
mentor
moment
motion
nation
notion
option
organization
parliament
pluralism
population
position
preoccupation
pro-establishment
question
radiation
reactions
recommendations
relation
relationship
revolution
sanction
section
segment
sickness
situation
solution
station
superposition
tradition
tuition
vegetation
vocation
