безмерно
безумно
бесконечно
беспредельно
бешено
блестяще
божественно
буквально
вдвое
вдесятеро
весьма
вовсю
вполне
впятероабсолютно
всемеро
втрое
вчетверо
гениально
гораздо
даже
довольно
достаточно
заметно
зачастую
значительно
изрядно
исключительно
крайне
много
наиболее
намного
насколько
настолько
натрое
невероятно
невыносимо
недостаточно
немного
необыкновенно
необычайно
необычно
неоднократно
несказанно
несколько
неслыханно
нестерпимо
нисколько
ослепительно
относительно
полностью
почти
предельно
поразительно
преимущественно	
приблизительно
примерно
реально
сверхъестественно
сильно
слегка
слишком
смертельно
совершенно
совсем
сплошь
сравнительно
столь
страшно
существенно
удивительно
фантастически
феноменально
целиком
частично
часто
чересчур
чрезвычайно
чрезмерно
чудовищно
чуть
